<?xml version="1.0" encoding="UTF-8"?>
<!-- Generated by org.testng.reporters.JUnitReportReporter -->
<testsuite skipped="0" hostname="IXED-LAP0263" name="com.package1.NewTest" tests="1" failures="0" timestamp="08 May 2019 11:01:25 GMT" time="23.869" errors="0">
  <testcase name="f" time="23.869" classname="com.package1.NewTest"/>
</testsuite> <!-- com.package1.NewTest -->
